warn: 7/23/2025 19:15:48.864 CoreEventId.SensitiveDataLoggingEnabledWarning[10400] (Microsoft.EntityFrameworkCore.Infrastructure) 
      Sensitive data logging is enabled. Log entries and exception messages may include sensitive application data; this mode should only be enabled during development.
info: 7/23/2025 19:15:49.408 RelationalEventId.CommandExecuted[20101] (Microsoft.EntityFrameworkCore.Database.Command) 
      Executed DbCommand (26ms) [Parameters=[], CommandType='Text', CommandTimeout='30']
      SELECT 1
info: 7/23/2025 19:15:49.413 RelationalEventId.AcquiringMigrationLock[20411] (Microsoft.EntityFrameworkCore.Migrations) 
      Acquiring an exclusive lock for migration application. See https://aka.ms/efcore-docs-migrations-lock for more information if this takes too long.
info: 7/23/2025 19:15:49.450 RelationalEventId.CommandExecuted[20101] (Microsoft.EntityFrameworkCore.Database.Command) 
      Executed DbCommand (35ms) [Parameters=[], CommandType='Text', CommandTimeout='30']
      DECLARE @result int;
      EXEC @result = sp_getapplock @Resource = '__EFMigrationsLock', @LockOwner = 'Session', @LockMode = 'Exclusive';
      SELECT @result
info: 7/23/2025 19:15:49.526 RelationalEventId.CommandExecuted[20101] (Microsoft.EntityFrameworkCore.Database.Command) 
      Executed DbCommand (19ms) [Parameters=[], CommandType='Text', CommandTimeout='30']
      IF OBJECT_ID(N'[__EFMigrationsHistory]') IS NULL
      BEGIN
          CREATE TABLE [__EFMigrationsHistory] (
              [MigrationId] nvarchar(150) NOT NULL,
              [ProductVersion] nvarchar(32) NOT NULL,
              CONSTRAINT [PK___EFMigrationsHistory] PRIMARY KEY ([MigrationId])
          );
      END;
info: 7/23/2025 19:15:49.583 RelationalEventId.CommandExecuted[20101] (Microsoft.EntityFrameworkCore.Database.Command) 
      Executed DbCommand (17ms) [Parameters=[], CommandType='Text', CommandTimeout='30']
      SELECT 1
info: 7/23/2025 19:15:49.614 RelationalEventId.CommandExecuted[20101] (Microsoft.EntityFrameworkCore.Database.Command) 
      Executed DbCommand (30ms) [Parameters=[], CommandType='Text', CommandTimeout='30']
      SELECT OBJECT_ID(N'[__EFMigrationsHistory]');
info: 7/23/2025 19:15:49.640 RelationalEventId.CommandExecuted[20101] (Microsoft.EntityFrameworkCore.Database.Command) 
      Executed DbCommand (22ms) [Parameters=[], CommandType='Text', CommandTimeout='30']
      SELECT [MigrationId], [ProductVersion]
      FROM [__EFMigrationsHistory]
      ORDER BY [MigrationId];
info: 7/23/2025 19:15:49.660 RelationalEventId.MigrationApplying[20402] (Microsoft.EntityFrameworkCore.Migrations) 
      Applying migration '20250628220812_InitialCreate'.
fail: 7/23/2025 19:15:49.892 RelationalEventId.CommandError[20102] (Microsoft.EntityFrameworkCore.Database.Command) 
      Failed executing DbCommand (94ms) [Parameters=[], CommandType='Text', CommandTimeout='30']
      CREATE TABLE [TourCompanies] (
          [Id] int NOT NULL IDENTITY,
          [CompanyName] nvarchar(255) NOT NULL,
          [AuthorizedPerson] nvarchar(255) NOT NULL,
          [Email] nvarchar(255) NOT NULL,
          [Phone] nvarchar(50) NOT NULL,
          [LogoPath] nvarchar(500) NULL,
          [ImzaDocumentPath] nvarchar(500) NULL,
          [FaaliyetBelgesiPath] nvarchar(500) NULL,
          [OdaSicilKaydiPath] nvarchar(500) NULL,
          [TicaretSicilGazetesiPath] nvarchar(500) NULL,
          [VergiLevhasıPath] nvarchar(500) NULL,
          [SigortaBelgesiPath] nvarchar(500) NULL,
          [HizmetDetayiPath] nvarchar(500) NULL,
          [AracD2BelgesiPath] nvarchar(500) NULL,
          [SportifFaaliyetBelgesiPath] nvarchar(500) NULL,
          CONSTRAINT [PK__TourComp__3214EC07A431D01F] PRIMARY KEY ([Id])
      );
info: 7/23/2025 19:15:52.950 RelationalEventId.CommandExecuted[20101] (Microsoft.EntityFrameworkCore.Database.Command) 
      Executed DbCommand (101ms) [Parameters=[@__Id_0='96d2940f09674b0f81d86bc821c69ff6' (Size = 4000)], CommandType='Text', CommandTimeout='30']
      SELECT [a].[Id], [a].[Title], [a].[Description], [a].[Category], [t].[Compa